#
# There is insufficient memory for the Java Runtime Environment to continue.
# Native memory allocation (mmap) failed to map 2031616 bytes for G1 virtual space
# Possible reasons:
#   The system is out of physical RAM or swap space
#   The process is running with CompressedOops enabled, and the Java Heap may be blocking the growth of the native heap
# Possible solutions:
#   Reduce memory load on the system
#   Increase physical memory or swap space
#   Check if swap backing store is full
#   Decrease Java heap size (-Xmx/-Xms)
#   Decrease number of Java threads
#   Decrease Java thread stack sizes (-Xss)
#   Set larger code cache with -XX:ReservedCodeCacheSize=
#   JVM is running with Unscaled Compressed Oops mode in which the Java heap is
#     placed in the first 4GB address space. The Java Heap base address is the
#     maximum limit for the native heap growth. Please use -XX:HeapBaseMinAddress
#     to set the Java Heap base and to place the Java Heap above 4GB virtual address.
# This output file may be truncated or incomplete.
#
#  Out of Memory Error (os_windows.cpp:3528), pid=20988, tid=20020
#
# JRE version:  (20.0.1+9) (build )
# Java VM: OpenJDK 64-Bit Server VM (20.0.1+9-29, mixed mode, sharing, tiered, compressed oops, compressed class ptrs, g1 gc, windows-amd64)
# No core dump will be written. Minidumps are not enabled by default on client versions of Windows
#

---------------  S U M M A R Y ------------

Command Line: -javaagent:C:\Program Files\JetBrains\IntelliJ IDEA 2024.1.4\lib\idea_rt.jar=61273:C:\Program Files\JetBrains\IntelliJ IDEA 2024.1.4\bin -Dfile.encoding=UTF-8 -Dsun.stdout.encoding=UTF-8 -Dsun.stderr.encoding=UTF-8 employeemanagementsystem.Login

Host: 11th Gen Intel(R) Core(TM) i3-1115G4 @ 3.00GHz, 4 cores, 7G,  Windows 11 , 64 bit Build 22621 (10.0.22621.3527)
Time: Fri Aug 30 21:35:13 2024 Sri Lanka Standard Time elapsed time: 0.029185 seconds (0d 0h 0m 0s)

---------------  T H R E A D  ---------------

Current thread (0x00000251ce29f3e0):  JavaThread "Unknown thread" [_thread_in_vm, id=20020, stack(0x000000fe49300000,0x000000fe49400000)]

Stack: [0x000000fe49300000,0x000000fe49400000]
Native frames: (J=compiled Java code, j=interpreted, Vv=VM code, C=native code)
V  [jvm.dll+0x6bb95a]
V  [jvm.dll+0x8485fa]
V  [jvm.dll+0x84a1f5]
V  [jvm.dll+0x84a8f3]
V  [jvm.dll+0x280b0f]
V  [jvm.dll+0x6b86e9]
V  [jvm.dll+0x6ad2da]
V  [jvm.dll+0x35adf5]
V  [jvm.dll+0x363016]
V  [jvm.dll+0x3b3b53]
V  [jvm.dll+0x3b3dc5]
V  [jvm.dll+0x32b50a]
V  [jvm.dll+0x32c32b]
V  [jvm.dll+0x8112bf]
V  [jvm.dll+0x3c0d91]
V  [jvm.dll+0x7fcfe3]
V  [jvm.dll+0x44c76f]
V  [jvm.dll+0x44e0e1]
C  [jli.dll+0x5287]
C  [ucrtbase.dll+0x29333]
C  [KERNEL32.DLL+0x1257d]
C  [ntdll.dll+0x5aa48]


---------------  P R O C E S S  ---------------

Threads class SMR info:
_java_thread_list=0x00007ff8eafea098, length=0, elements={
}

Java Threads: ( => current thread )

Other Threads:
  0x00000251ce2fce10 WorkerThread "GC Thread#0" [stack: 0x000000fe49400000,0x000000fe49500000] [id=13864]
  0x00000251ce30d4e0 ConcurrentGCThread "G1 Main Marker" [stack: 0x000000fe49500000,0x000000fe49600000] [id=11808]
  0x00000251ce30df10 WorkerThread "G1 Conc#0" [stack: 0x000000fe49600000,0x000000fe49700000] [id=6292]

[error occurred during error reporting (printing all threads), id 0xc0000005, EXCEPTION_ACCESS_VIOLATION (0xc0000005) at pc=0x00007ff8ea7ceb47]
VM state: not at safepoint (not fully initialized)

VM Mutex/Monitor currently owned by a thread:  ([mutex/lock_event])
[0x00000251ce29aff0] Heap_lock - owner thread: 0x00000251ce29f3e0

Heap address: 0x0000000084200000, size: 1982 MB, Compressed Oops mode: 32-bit

CDS archive(s) mapped at: [0x0000000000000000-0x0000000000000000-0x0000000000000000), size 0, SharedBaseAddress: 0x0000000800000000, ArchiveRelocationMode: 0.
Narrow klass base: 0x0000000000000000, Narrow klass shift: 0, Narrow klass range: 0x0

GC Precious Log:
 CardTable entry size: 512
 Card Set container configuration: InlinePtr #cards 5 size 8 Array Of Cards #cards 12 size 40 Howl #buckets 4 coarsen threshold 1843 Howl Bitmap #cards 512 size 80 coarsen threshold 460 Card regions per heap region 1 cards per card region 2048

Heap:
 garbage-first heap   total 0K, used 0K [0x0000000084200000, 0x0000000100000000)
  region size 1024K, 0 young (0K), 0 survivors (0K)

[error occurred during error reporting (printing heap information), id 0xc0000005, EXCEPTION_ACCESS_VIOLATION (0xc0000005) at pc=0x00007ff8eaba3c59]
GC Heap History (0 events):
No events

Dll operation events (1 events):
Event: 0.020 Loaded shared library C:\Users\91701\.jdks\openjdk-20.0.1\bin\java.dll

Deoptimization events (0 events):
No events

Classes loaded (0 events):
No events

Classes unloaded (0 events):
No events

Classes redefined (0 events):
No events

Internal exceptions (0 events):
No events

VM Operations (0 events):
No events

Events (0 events):
No events


Dynamic libraries:
0x00007ff602790000 - 0x00007ff60279e000 	C:\Users\91701\.jdks\openjdk-20.0.1\bin\java.exe
0x00007ff969f50000 - 0x00007ff96a167000 	C:\WINDOWS\SYSTEM32\ntdll.dll
0x00007ff968970000 - 0x00007ff968a34000 	C:\WINDOWS\System32\KERNEL32.DLL
0x00007ff9675a0000 - 0x00007ff967947000 	C:\WINDOWS\System32\KERNELBASE.dll
0x00007ff967950000 - 0x00007ff967a61000 	C:\WINDOWS\System32\ucrtbase.dll
0x00007ff953c90000 - 0x00007ff953ca7000 	C:\Users\91701\.jdks\openjdk-20.0.1\bin\jli.dll
0x00007ff953430000 - 0x00007ff95344b000 	C:\Users\91701\.jdks\openjdk-20.0.1\bin\VCRUNTIME140.dll
0x00007ff967d10000 - 0x00007ff967ebe000 	C:\WINDOWS\System32\USER32.dll
0x00007ff967bd0000 - 0x00007ff967bf6000 	C:\WINDOWS\System32\win32u.dll
0x00007ff969ae0000 - 0x00007ff969b09000 	C:\WINDOWS\System32\GDI32.dll
0x00007ff94baf0000 - 0x00007ff94bd83000 	C:\WINDOWS\WinSxS\amd64_microsoft.windows.common-controls_6595b64144ccf1df_6.0.22621.3527_none_270e469b73872a76\COMCTL32.dll
0x00007ff968340000 - 0x00007ff9683e7000 	C:\WINDOWS\System32\msvcrt.dll
0x00007ff967410000 - 0x00007ff967529000 	C:\WINDOWS\System32\gdi32full.dll
0x00007ff967b30000 - 0x00007ff967bca000 	C:\WINDOWS\System32\msvcp_win.dll
0x00007ff969c10000 - 0x00007ff969c41000 	C:\WINDOWS\System32\IMM32.DLL
0x00007ff953f10000 - 0x00007ff953f1c000 	C:\Users\91701\.jdks\openjdk-20.0.1\bin\vcruntime140_1.dll
0x00007ff8fe760000 - 0x00007ff8fe7ee000 	C:\Users\91701\.jdks\openjdk-20.0.1\bin\msvcp140.dll
0x00007ff8ea490000 - 0x00007ff8eb127000 	C:\Users\91701\.jdks\openjdk-20.0.1\bin\server\jvm.dll
0x00007ff968b40000 - 0x00007ff968bf2000 	C:\WINDOWS\System32\ADVAPI32.dll
0x00007ff9688c0000 - 0x00007ff968968000 	C:\WINDOWS\System32\sechost.dll
0x00007ff967270000 - 0x00007ff967298000 	C:\WINDOWS\System32\bcrypt.dll
0x00007ff9684b0000 - 0x00007ff9685c5000 	C:\WINDOWS\System32\RPCRT4.dll
0x00007ff944a90000 - 0x00007ff944a99000 	C:\WINDOWS\SYSTEM32\WSOCK32.dll
0x00007ff969b30000 - 0x00007ff969ba1000 	C:\WINDOWS\System32\WS2_32.dll
0x00007ff95cfb0000 - 0x00007ff95cfba000 	C:\WINDOWS\SYSTEM32\VERSION.dll
0x00007ff95d600000 - 0x00007ff95d634000 	C:\WINDOWS\SYSTEM32\WINMM.dll
0x00007ff966260000 - 0x00007ff966278000 	C:\WINDOWS\SYSTEM32\kernel.appcore.dll
0x00007ff952cb0000 - 0x00007ff952cba000 	C:\Users\91701\.jdks\openjdk-20.0.1\bin\jimage.dll
0x00007ff964a70000 - 0x00007ff964ca2000 	C:\WINDOWS\SYSTEM32\DBGHELP.DLL
0x00007ff968e10000 - 0x00007ff969198000 	C:\WINDOWS\System32\combase.dll
0x00007ff9691a0000 - 0x00007ff969277000 	C:\WINDOWS\System32\OLEAUT32.dll
0x00007ff943f10000 - 0x00007ff943f42000 	C:\WINDOWS\SYSTEM32\dbgcore.DLL
0x00007ff967c00000 - 0x00007ff967c79000 	C:\WINDOWS\System32\bcryptPrimitives.dll
0x00007ff952ca0000 - 0x00007ff952cae000 	C:\Users\91701\.jdks\openjdk-20.0.1\bin\instrument.dll
0x00007ff952c40000 - 0x00007ff952c66000 	C:\Users\91701\.jdks\openjdk-20.0.1\bin\java.dll

dbghelp: loaded successfully - version: 4.0.5 - missing functions: none
symbol engine: initialized successfully - sym options: 0x614 - pdb path: .;C:\Users\91701\.jdks\openjdk-20.0.1\bin;C:\WINDOWS\SYSTEM32;C:\WINDOWS\WinSxS\amd64_microsoft.windows.common-controls_6595b64144ccf1df_6.0.22621.3527_none_270e469b73872a76;C:\Users\91701\.jdks\openjdk-20.0.1\bin\server

VM Arguments:
jvm_args: -javaagent:C:\Program Files\JetBrains\IntelliJ IDEA 2024.1.4\lib\idea_rt.jar=61273:C:\Program Files\JetBrains\IntelliJ IDEA 2024.1.4\bin -Dfile.encoding=UTF-8 -Dsun.stdout.encoding=UTF-8 -Dsun.stderr.encoding=UTF-8 
java_command: employeemanagementsystem.Login
java_class_path (initial): D:\java\EmployeeManagementSystem\out\production\EmployeeManagementSystem
Launcher Type: SUN_STANDARD

[Global flags]
     intx CICompilerCount                          = 3                                         {product} {ergonomic}
     uint ConcGCThreads                            = 1                                         {product} {ergonomic}
     uint G1ConcRefinementThreads                  = 4                                         {product} {ergonomic}
   size_t G1HeapRegionSize                         = 1048576                                   {product} {ergonomic}
    uintx GCDrainStackTargetSize                   = 64                                        {product} {ergonomic}
   size_t InitialHeapSize                          = 130023424                                 {product} {ergonomic}
   size_t MarkStackSize                            = 4194304                                   {product} {ergonomic}
   size_t MaxHeapSize                              = 2078277632                                {product} {ergonomic}
   size_t MinHeapDeltaBytes                        = 1048576                                   {product} {ergonomic}
   size_t MinHeapSize                              = 8388608                                   {product} {ergonomic}
    uintx NonNMethodCodeHeapSize                   = 5832780                                {pd product} {ergonomic}
    uintx NonProfiledCodeHeapSize                  = 122912730                              {pd product} {ergonomic}
    uintx ProfiledCodeHeapSize                     = 122912730                              {pd product} {ergonomic}
    uintx ReservedCodeCacheSize                    = 251658240                              {pd product} {ergonomic}
     bool SegmentedCodeCache                       = true                                      {product} {ergonomic}
   size_t SoftMaxHeapSize                          = 2078277632                             {manageable} {ergonomic}
     bool UseCompressedClassPointers               = true                           {product lp64_product} {ergonomic}
     bool UseCompressedOops                        = true                           {product lp64_product} {ergonomic}
     bool UseG1GC                                  = true                                      {product} {ergonomic}
     bool UseLargePagesIndividualAllocation        = false                                  {pd product} {ergonomic}

Logging:
Log output configuration:
 #0: stdout all=warning uptime,level,tags foldmultilines=false
 #1: stderr all=off uptime,level,tags foldmultilines=false

Environment Variables:
PATH=C:\Program Files\Common Files\Oracle\Java\javapath;C:\WINDOWS\system32;C:\WINDOWS;C:\WINDOWS\System32\Wbem;C:\WINDOWS\System32\WindowsPowerShell\v1.0\;C:\WINDOWS\System32\OpenSSH\;C:\Program Files\dotnet\;C:\MinGW\bin;C:\Program Files\Git\cmd;D:\apache-maven-3.9.6-bin\apache-maven-3.9.6\bin;C:\Program Files\nodejs\;C:\Users\91701\AppData\Local\Programs\Python\Python311-32;C:\Users\91701\AppData\Local\Programs\Python\Python311-32\Scripts;C:\Program Files\MySQL\MySQL Shell 8.0\bin\;C:\Users\91701\AppData\Local\Microsoft\WindowsApps;C:\Program Files\JetBrains\CLion 2022.3.1\bin;;D:\flutter\bin;C:\Users\91701\AppData\Roaming\npm;C:\Users\91701\AppData\Local\Programs\Python\Python311-32;C:\Users\91701\AppData\Local\Programs\Python\Python311-32\Scripts;;C:\Program Files\JetBrains\IntelliJ IDEA 2024.1.4\bin;;C:\Users\91701\AppData\Local\Programs\Microsoft VS Code\bin
USERNAME=DIVYAN_TM
OS=Windows_NT
PROCESSOR_IDENTIFIER=Intel64 Family 6 Model 140 Stepping 1, GenuineIntel
TMP=C:\Users\91701\AppData\Local\Temp
TEMP=C:\Users\91701\AppData\Local\Temp




---------------  S Y S T E M  ---------------

OS:
 Windows 11 , 64 bit Build 22621 (10.0.22621.3527)
OS uptime: 5 days 4:59 hours
Hyper-V role detected

CPU: total 4 (initial active 4) (2 cores per cpu, 2 threads per core) family 6 model 140 stepping 1 microcode 0xb4, cx8, cmov, fxsr, ht, mmx, 3dnowpref, sse, sse2, sse3, ssse3, sse4.1, sse4.2, popcnt, lzcnt, tsc, tscinvbit, avx, avx2, aes, erms, clmul, bmi1, bmi2, adx, avx512f, avx512dq, avx512cd, avx512bw, avx512vl, sha, fma, vzeroupper, avx512_vpopcntdq, avx512_vpclmulqdq, avx512_vaes, avx512_vnni, clflush, clflushopt, clwb, avx512_vbmi2, avx512_vbmi, hv, rdtscp, rdpid, fsrm, gfni, avx512_bitalg, f16c, cet_ibt, cet_ss, avx512_ifma

Memory: 4k page, system-wide physical 7926M (490M free)
TotalPageFile size 12162M (AvailPageFile size 6M)
current process WorkingSet (physical memory assigned to process): 11M, peak: 11M
current process commit charge ("private bytes"): 176M, peak: 178M

vm_info: OpenJDK 64-Bit Server VM (20.0.1+9-29) for windows-amd64 JRE (20.0.1+9-29), built on 2023-03-07T13:56:11Z by "mach5one" with MS VC++ 17.1 (VS2022)

END.
